[debug] [2026-01-04T10:23:27.881Z] ----------------------------------------------------------------------
[debug] [2026-01-04T10:23:27.883Z] Command:       C:\Program Files\nodejs\node.exe C:\Users\Dell\AppData\Roaming\npm\node_modules\firebase-tools\lib\bin\firebase.js emulators:start
[debug] [2026-01-04T10:23:27.883Z] CLI Version:   15.1.0
[debug] [2026-01-04T10:23:27.883Z] Platform:      win32
[debug] [2026-01-04T10:23:27.883Z] Node Version:  v24.12.0
[debug] [2026-01-04T10:23:27.883Z] Time:          Sun Jan 04 2026 15:23:27 GMT+0500 (Pakistan Standard Time)
[debug] [2026-01-04T10:23:27.884Z] ----------------------------------------------------------------------
[debug] 
[debug] [2026-01-04T10:23:28.956Z] > command requires scopes: ["email","openid","https://www.googleapis.com/auth/cloudplatformprojects.readonly","https://www.googleapis.com/auth/firebase","https://www.googleapis.com/auth/cloud-platform"]
[debug] [2026-01-04T10:23:28.956Z] > authorizing via signed-in user (alizainanwar468@gmail.com)
[info] i  emulators: Starting emulators: auth, functions, hosting, extensions {"metadata":{"emulator":{"name":"hub"},"message":"Starting emulators: auth, functions, hosting, extensions"}}
[debug] [2026-01-04T10:23:28.959Z] Checked if tokens are valid: false, expires at: 1767522558089
[debug] [2026-01-04T10:23:28.960Z] Checked if tokens are valid: false, expires at: 1767522558089
[debug] [2026-01-04T10:23:28.960Z] > refreshing access token with scopes: []
[debug] [2026-01-04T10:23:28.961Z] >>> [apiv2][query] POST https://www.googleapis.com/oauth2/v3/token [none]
[debug] [2026-01-04T10:23:28.961Z] >>> [apiv2][body] POST https://www.googleapis.com/oauth2/v3/token [omitted]
[debug] [2026-01-04T10:23:29.319Z] <<< [apiv2][status] POST https://www.googleapis.com/oauth2/v3/token 200
[debug] [2026-01-04T10:23:29.319Z] <<< [apiv2][body] POST https://www.googleapis.com/oauth2/v3/token [omitted]
[debug] [2026-01-04T10:23:29.331Z] >>> [apiv2][query] GET https://cloudresourcemanager.googleapis.com/v1/projects/my-react-app-899b1 [none]
[debug] [2026-01-04T10:23:30.907Z] <<< [apiv2][status] GET https://cloudresourcemanager.googleapis.com/v1/projects/my-react-app-899b1 200
[debug] [2026-01-04T10:23:30.908Z] <<< [apiv2][body] GET https://cloudresourcemanager.googleapis.com/v1/projects/my-react-app-899b1 {"projectNumber":"62001121688","projectId":"my-react-app-899b1","lifecycleState":"ACTIVE","name":"my-react-app","labels":{"firebase":"enabled","firebase-core":"disabled"},"createTime":"2025-12-28T13:18:33.952156Z"}
[debug] [2026-01-04T10:23:30.917Z] [logging] Logging Emulator only supports listening on one address (127.0.0.1). Not listening on ::1
[debug] [2026-01-04T10:23:30.917Z] [auth] Authentication Emulator only supports listening on one address (127.0.0.1). Not listening on ::1
[debug] [2026-01-04T10:23:30.917Z] [hosting] Hosting Emulator only supports listening on one address (127.0.0.1). Not listening on ::1
[debug] [2026-01-04T10:23:30.917Z] assigned listening specs for emulators {"user":{"hub":[{"address":"127.0.0.1","family":"IPv4","port":4400},{"address":"::1","family":"IPv6","port":4400}],"ui":[{"address":"127.0.0.1","family":"IPv4","port":4000},{"address":"::1","family":"IPv6","port":4000}],"logging":[{"address":"127.0.0.1","family":"IPv4","port":4500}],"auth":[{"address":"127.0.0.1","family":"IPv4","port":9099}],"hosting":[{"address":"127.0.0.1","family":"IPv4","port":5000}]},"metadata":{"message":"assigned listening specs for emulators"}}
[debug] [2026-01-04T10:23:30.920Z] Emulator locator file path: C:\Users\Dell\AppData\Local\Temp\hub-my-react-app-899b1.json
[debug] [2026-01-04T10:23:30.921Z] [hub] writing locator at C:\Users\Dell\AppData\Local\Temp\hub-my-react-app-899b1.json
[debug] [2026-01-04T10:23:30.927Z] [Extensions] Started Extensions emulator, this is a noop.
[debug] [2026-01-04T10:23:30.931Z] [functions] Functions Emulator only supports listening on one address (127.0.0.1). Not listening on ::1
[debug] [2026-01-04T10:23:30.931Z] [eventarc] Eventarc Emulator only supports listening on one address (127.0.0.1). Not listening on ::1
[debug] [2026-01-04T10:23:30.931Z] [tasks] Cloud Tasks Emulator only supports listening on one address (127.0.0.1). Not listening on ::1
[debug] [2026-01-04T10:23:30.931Z] late-assigned ports for functions and eventarc emulators {"user":{"hub":[{"address":"127.0.0.1","family":"IPv4","port":4400},{"address":"::1","family":"IPv6","port":4400}],"ui":[{"address":"127.0.0.1","family":"IPv4","port":4000},{"address":"::1","family":"IPv6","port":4000}],"logging":[{"address":"127.0.0.1","family":"IPv4","port":4500}],"auth":[{"address":"127.0.0.1","family":"IPv4","port":9099}],"hosting":[{"address":"127.0.0.1","family":"IPv4","port":5000}],"functions":[{"address":"127.0.0.1","family":"IPv4","port":5001}],"eventarc":[{"address":"127.0.0.1","family":"IPv4","port":9299}],"tasks":[{"address":"127.0.0.1","family":"IPv4","port":9499}]},"metadata":{"message":"late-assigned ports for functions and eventarc emulators"}}
[warn] !  functions: The following emulators are not running, calls to these services from the Functions emulator will affect production: apphosting, firestore, database, pubsub, storage, dataconnect {"metadata":{"emulator":{"name":"functions"},"message":"The following emulators are not running, calls to these services from the Functions emulator will affect production: \u001b[1mapphosting, firestore, database, pubsub, storage, dataconnect\u001b[22m"}}
[debug] [2026-01-04T10:23:30.960Z] defaultcredentials: writing to file C:\Users\Dell\AppData\Roaming\firebase\alizainanwar468_gmail_com_application_default_credentials.json
[debug] [2026-01-04T10:23:30.961Z] Setting GAC to C:\Users\Dell\AppData\Roaming\firebase\alizainanwar468_gmail_com_application_default_credentials.json {"metadata":{"emulator":{"name":"functions"},"message":"Setting GAC to C:\\Users\\Dell\\AppData\\Roaming\\firebase\\alizainanwar468_gmail_com_application_default_credentials.json"}}
[debug] [2026-01-04T10:23:30.961Z] Checked if tokens are valid: true, expires at: 1767525808319
[debug] [2026-01-04T10:23:30.961Z] Checked if tokens are valid: true, expires at: 1767525808319
[debug] [2026-01-04T10:23:30.962Z] >>> [apiv2][query] GET https://firebase.googleapis.com/v1beta1/projects/my-react-app-899b1/adminSdkConfig [none]
[debug] [2026-01-04T10:23:31.523Z] <<< [apiv2][status] GET https://firebase.googleapis.com/v1beta1/projects/my-react-app-899b1/adminSdkConfig 200
[debug] [2026-01-04T10:23:31.523Z] <<< [apiv2][body] GET https://firebase.googleapis.com/v1beta1/projects/my-react-app-899b1/adminSdkConfig {"projectId":"my-react-app-899b1","storageBucket":"my-react-app-899b1.firebasestorage.app"}
[debug] [2026-01-04T10:23:36.862Z] Checked if tokens are valid: true, expires at: 1767525808319
[debug] [2026-01-04T10:23:36.862Z] Checked if tokens are valid: true, expires at: 1767525808319
[debug] [2026-01-04T10:23:36.862Z] >>> [apiv2][query] GET https://firebasehosting.googleapis.com/v1beta1/projects/my-react-app-899b1/sites 
[debug] [2026-01-04T10:23:38.630Z] <<< [apiv2][status] GET https://firebasehosting.googleapis.com/v1beta1/projects/my-react-app-899b1/sites 200
[debug] [2026-01-04T10:23:38.631Z] <<< [apiv2][body] GET https://firebasehosting.googleapis.com/v1beta1/projects/my-react-app-899b1/sites {"sites":[{"name":"projects/my-react-app-899b1/sites/my-react-app-899b1","defaultUrl":"https://my-react-app-899b1.web.app","appId":"1:62001121688:web:27fce3140a7d5a5a0083ed","type":"DEFAULT_SITE"}]}
[debug] [2026-01-04T10:23:38.631Z] Checked if tokens are valid: true, expires at: 1767525808319
[debug] [2026-01-04T10:23:38.631Z] Checked if tokens are valid: true, expires at: 1767525808319
[debug] [2026-01-04T10:23:38.631Z] >>> [apiv2][query] GET https://firebase.googleapis.com/v1beta1/projects/my-react-app-899b1/webApps/1:62001121688:web:27fce3140a7d5a5a0083ed/config [none]
[debug] [2026-01-04T10:23:39.571Z] <<< [apiv2][status] GET https://firebase.googleapis.com/v1beta1/projects/my-react-app-899b1/webApps/1:62001121688:web:27fce3140a7d5a5a0083ed/config 200
[debug] [2026-01-04T10:23:39.571Z] <<< [apiv2][body] GET https://firebase.googleapis.com/v1beta1/projects/my-react-app-899b1/webApps/1:62001121688:web:27fce3140a7d5a5a0083ed/config {"projectId":"my-react-app-899b1","appId":"1:62001121688:web:27fce3140a7d5a5a0083ed","storageBucket":"my-react-app-899b1.firebasestorage.app","apiKey":"AIzaSyBLSrAK6-7UBehmT5vJLo_HJFQEPAZCiXM","authDomain":"my-react-app-899b1.firebaseapp.com","messagingSenderId":"62001121688","measurementId":"G-M9B8LJ3WF9","projectNumber":"62001121688","version":"2"}
[debug] [2026-01-04T10:23:39.583Z] Checked if tokens are valid: true, expires at: 1767525808319
[debug] [2026-01-04T10:23:39.583Z] Checked if tokens are valid: true, expires at: 1767525808319
[debug] [2026-01-04T10:23:39.583Z] >>> [apiv2][query] GET https://firebase.googleapis.com/v1beta1/projects/my-react-app-899b1 [none]
[debug] [2026-01-04T10:23:39.892Z] <<< [apiv2][status] GET https://firebase.googleapis.com/v1beta1/projects/my-react-app-899b1 200
[debug] [2026-01-04T10:23:39.892Z] <<< [apiv2][body] GET https://firebase.googleapis.com/v1beta1/projects/my-react-app-899b1 {"projectId":"my-react-app-899b1","projectNumber":"62001121688","displayName":"my-react-app","name":"projects/my-react-app-899b1","resources":{"hostingSite":"my-react-app-899b1"},"state":"ACTIVE","etag":"1_57832359-db4c-4d7d-abfb-951d126cf4a6"}
[info] i  hosting[my-react-app-899b1]: Serving hosting files from: build {"metadata":{"emulator":{"name":"hosting"},"message":"Serving hosting files from: \u001b[1mbuild\u001b[22m"}}
[info] +  hosting[my-react-app-899b1]: Local server: http://127.0.0.1:5000 {"metadata":{"emulator":{"name":"hosting"},"message":"Local server: \u001b[4m\u001b[1mhttp://127.0.0.1:5000\u001b[22m\u001b[24m"}}
[info] i  ui: downloading ui-v1.15.0.zip... {"metadata":{"emulator":{"name":"ui"},"message":"downloading ui-v1.15.0.zip..."}}
[debug] [2026-01-04T10:23:39.908Z] >>> [apiv2][query] GET https://storage.googleapis.com/firebase-preview-drop/emulator/ui-v1.15.0.zip 
[debug] [2026-01-04T10:23:40.360Z] <<< [apiv2][status] GET https://storage.googleapis.com/firebase-preview-drop/emulator/ui-v1.15.0.zip 200
[debug] [2026-01-04T10:23:40.360Z] <<< [apiv2][body] GET https://storage.googleapis.com/firebase-preview-drop/emulator/ui-v1.15.0.zip [stream]
[debug] [2026-01-04T10:23:41.278Z] Data is 3538469
[debug] [2026-01-04T10:23:41.278Z] [unzip] Entry: client/ (compressed_size=0 bytes, uncompressed_size=0 bytes)
[debug] [2026-01-04T10:23:41.278Z] [unzip] Processing entry: client\
[debug] [2026-01-04T10:23:41.278Z] [unzip] mkdir: C:\Users\Dell\.cache\firebase\emulators\ui-v1.15.0\client\
[debug] [2026-01-04T10:23:41.279Z] [unzip] Entry: client/favicon-16x16.png (compressed_size=293 bytes, uncompressed_size=293 bytes)
[debug] [2026-01-04T10:23:41.279Z] [unzip] Processing entry: client\favicon-16x16.png
[debug] [2026-01-04T10:23:41.280Z] [unzip] else mkdir: C:\Users\Dell\.cache\firebase\emulators\ui-v1.15.0\client
[debug] [2026-01-04T10:23:41.280Z] [unzip] Writing file: C:\Users\Dell\.cache\firebase\emulators\ui-v1.15.0\client\favicon-16x16.png
[debug] [2026-01-04T10:23:41.281Z] [unzip] Entry: client/safari-pinned-tab.svg (compressed_size=1433 bytes, uncompressed_size=2611 bytes)
[debug] [2026-01-04T10:23:41.281Z] [unzip] Processing entry: client\safari-pinned-tab.svg
[debug] [2026-01-04T10:23:41.281Z] [unzip] else mkdir: C:\Users\Dell\.cache\firebase\emulators\ui-v1.15.0\client
[debug] [2026-01-04T10:23:41.282Z] [unzip] deflating: C:\Users\Dell\.cache\firebase\emulators\ui-v1.15.0\client\safari-pinned-tab.svg
[debug] [2026-01-04T10:23:41.284Z] [unzip] Entry: client/favicon.ico (compressed_size=2933 bytes, uncompressed_size=13294 bytes)
[debug] [2026-01-04T10:23:41.285Z] [unzip] Processing entry: client\favicon.ico
[debug] [2026-01-04T10:23:41.285Z] [unzip] else mkdir: C:\Users\Dell\.cache\firebase\emulators\ui-v1.15.0\client
[debug] [2026-01-04T10:23:41.285Z] [unzip] deflating: C:\Users\Dell\.cache\firebase\emulators\ui-v1.15.0\client\favicon.ico
[debug] [2026-01-04T10:23:41.286Z] [unzip] Entry: client/index.html (compressed_size=1364 bytes, uncompressed_size=3071 bytes)
[debug] [2026-01-04T10:23:41.286Z] [unzip] Processing entry: client\index.html
[debug] [2026-01-04T10:23:41.286Z] [unzip] else mkdir: C:\Users\Dell\.cache\firebase\emulators\ui-v1.15.0\client
[debug] [2026-01-04T10:23:41.287Z] [unzip] deflating: C:\Users\Dell\.cache\firebase\emulators\ui-v1.15.0\client\index.html
[debug] [2026-01-04T10:23:41.288Z] [unzip] Entry: client/android-chrome-192x192.png (compressed_size=2684 bytes, uncompressed_size=2684 bytes)
[debug] [2026-01-04T10:23:41.288Z] [unzip] Processing entry: client\android-chrome-192x192.png
[debug] [2026-01-04T10:23:41.288Z] [unzip] else mkdir: C:\Users\Dell\.cache\firebase\emulators\ui-v1.15.0\client
[debug] [2026-01-04T10:23:41.289Z] [unzip] Writing file: C:\Users\Dell\.cache\firebase\emulators\ui-v1.15.0\client\android-chrome-192x192.png
[debug] [2026-01-04T10:23:41.289Z] [unzip] Entry: client/apple-touch-icon.png (compressed_size=2123 bytes, uncompressed_size=2152 bytes)
[debug] [2026-01-04T10:23:41.289Z] [unzip] Processing entry: client\apple-touch-icon.png
[debug] [2026-01-04T10:23:41.289Z] [unzip] else mkdir: C:\Users\Dell\.cache\firebase\emulators\ui-v1.15.0\client
[debug] [2026-01-04T10:23:41.290Z] [unzip] deflating: C:\Users\Dell\.cache\firebase\emulators\ui-v1.15.0\client\apple-touch-icon.png
[debug] [2026-01-04T10:23:41.291Z] [unzip] Entry: client/android-chrome-512x512.png (compressed_size=5369 bytes, uncompressed_size=5411 bytes)
[debug] [2026-01-04T10:23:41.291Z] [unzip] Processing entry: client\android-chrome-512x512.png
[debug] [2026-01-04T10:23:41.291Z] [unzip] else mkdir: C:\Users\Dell\.cache\firebase\emulators\ui-v1.15.0\client
[debug] [2026-01-04T10:23:41.292Z] [unzip] deflating: C:\Users\Dell\.cache\firebase\emulators\ui-v1.15.0\client\android-chrome-512x512.png
[debug] [2026-01-04T10:23:41.294Z] [unzip] Entry: client/manifest.json (compressed_size=245 bytes, uncompressed_size=551 bytes)
[debug] [2026-01-04T10:23:41.295Z] [unzip] Processing entry: client\manifest.json
[debug] [2026-01-04T10:23:41.295Z] [unzip] else mkdir: C:\Users\Dell\.cache\firebase\emulators\ui-v1.15.0\client
[debug] [2026-01-04T10:23:41.296Z] [unzip] deflating: C:\Users\Dell\.cache\firebase\emulators\ui-v1.15.0\client\manifest.json
[debug] [2026-01-04T10:23:41.297Z] [unzip] Entry: client/robots.txt (compressed_size=26 bytes, uncompressed_size=26 bytes)
[debug] [2026-01-04T10:23:41.298Z] [unzip] Processing entry: client\robots.txt
[debug] [2026-01-04T10:23:41.298Z] [unzip] else mkdir: C:\Users\Dell\.cache\firebase\emulators\ui-v1.15.0\client
[debug] [2026-01-04T10:23:41.298Z] [unzip] Writing file: C:\Users\Dell\.cache\firebase\emulators\ui-v1.15.0\client\robots.txt
[debug] [2026-01-04T10:23:41.299Z] [unzip] Entry: client/mstile-150x150.png (compressed_size=2034 bytes, uncompressed_size=2034 bytes)
[debug] [2026-01-04T10:23:41.299Z] [unzip] Processing entry: client\mstile-150x150.png
[debug] [2026-01-04T10:23:41.299Z] [unzip] else mkdir: C:\Users\Dell\.cache\firebase\emulators\ui-v1.15.0\client
[debug] [2026-01-04T10:23:41.299Z] [unzip] Writing file: C:\Users\Dell\.cache\firebase\emulators\ui-v1.15.0\client\mstile-150x150.png
[debug] [2026-01-04T10:23:41.300Z] [unzip] Entry: client/assets/ (compressed_size=0 bytes, uncompressed_size=0 bytes)
[debug] [2026-01-04T10:23:41.300Z] [unzip] Processing entry: client\assets\
[debug] [2026-01-04T10:23:41.300Z] [unzip] mkdir: C:\Users\Dell\.cache\firebase\emulators\ui-v1.15.0\client\assets\
[debug] [2026-01-04T10:23:41.301Z] [unzip] Entry: client/assets/index-BX-A56oj.js (compressed_size=582089 bytes, uncompressed_size=2092775 bytes)
[debug] [2026-01-04T10:23:41.301Z] [unzip] Processing entry: client\assets\index-BX-A56oj.js
[debug] [2026-01-04T10:23:41.301Z] [unzip] else mkdir: C:\Users\Dell\.cache\firebase\emulators\ui-v1.15.0\client\assets
[debug] [2026-01-04T10:23:41.301Z] [unzip] deflating: C:\Users\Dell\.cache\firebase\emulators\ui-v1.15.0\client\assets\index-BX-A56oj.js
[debug] [2026-01-04T10:23:41.327Z] [unzip] Entry: client/assets/index-CjB9C900.css (compressed_size=35979 bytes, uncompressed_size=298654 bytes)
[debug] [2026-01-04T10:23:41.327Z] [unzip] Processing entry: client\assets\index-CjB9C900.css
[debug] [2026-01-04T10:23:41.327Z] [unzip] else mkdir: C:\Users\Dell\.cache\firebase\emulators\ui-v1.15.0\client\assets
[debug] [2026-01-04T10:23:41.328Z] [unzip] deflating: C:\Users\Dell\.cache\firebase\emulators\ui-v1.15.0\client\assets\index-CjB9C900.css
[debug] [2026-01-04T10:23:41.332Z] [unzip] Entry: client/assets/index-BX-A56oj.js.map (compressed_size=2362482 bytes, uncompressed_size=10036679 bytes)
[debug] [2026-01-04T10:23:41.332Z] [unzip] Processing entry: client\assets\index-BX-A56oj.js.map
[debug] [2026-01-04T10:23:41.332Z] [unzip] else mkdir: C:\Users\Dell\.cache\firebase\emulators\ui-v1.15.0\client\assets
[debug] [2026-01-04T10:23:41.332Z] [unzip] deflating: C:\Users\Dell\.cache\firebase\emulators\ui-v1.15.0\client\assets\index-BX-A56oj.js.map
[debug] [2026-01-04T10:23:41.406Z] [unzip] Entry: client/assets/extensions/ (compressed_size=0 bytes, uncompressed_size=0 bytes)
[debug] [2026-01-04T10:23:41.407Z] [unzip] Processing entry: client\assets\extensions\
[debug] [2026-01-04T10:23:41.407Z] [unzip] mkdir: C:\Users\Dell\.cache\firebase\emulators\ui-v1.15.0\client\assets\extensions\
[debug] [2026-01-04T10:23:41.407Z] [unzip] Entry: client/assets/extensions/default-extension.png (compressed_size=1646 bytes, uncompressed_size=1657 bytes)
[debug] [2026-01-04T10:23:41.408Z] [unzip] Processing entry: client\assets\extensions\default-extension.png
[debug] [2026-01-04T10:23:41.408Z] [unzip] else mkdir: C:\Users\Dell\.cache\firebase\emulators\ui-v1.15.0\client\assets\extensions
[debug] [2026-01-04T10:23:41.408Z] [unzip] deflating: C:\Users\Dell\.cache\firebase\emulators\ui-v1.15.0\client\assets\extensions\default-extension.png
[debug] [2026-01-04T10:23:41.409Z] [unzip] Entry: client/assets/img/ (compressed_size=0 bytes, uncompressed_size=0 bytes)
[debug] [2026-01-04T10:23:41.409Z] [unzip] Processing entry: client\assets\img\
[debug] [2026-01-04T10:23:41.409Z] [unzip] mkdir: C:\Users\Dell\.cache\firebase\emulators\ui-v1.15.0\client\assets\img\
[debug] [2026-01-04T10:23:41.410Z] [unzip] Entry: client/assets/img/database.png (compressed_size=29449 bytes, uncompressed_size=29988 bytes)
[debug] [2026-01-04T10:23:41.410Z] [unzip] Processing entry: client\assets\img\database.png
[debug] [2026-01-04T10:23:41.410Z] [unzip] else mkdir: C:\Users\Dell\.cache\firebase\emulators\ui-v1.15.0\client\assets\img
[debug] [2026-01-04T10:23:41.410Z] [unzip] deflating: C:\Users\Dell\.cache\firebase\emulators\ui-v1.15.0\client\assets\img\database.png
[debug] [2026-01-04T10:23:41.412Z] [unzip] Entry: client/assets/provider-icons/ (compressed_size=0 bytes, uncompressed_size=0 bytes)
[debug] [2026-01-04T10:23:41.412Z] [unzip] Processing entry: client\assets\provider-icons\
[debug] [2026-01-04T10:23:41.412Z] [unzip] mkdir: C:\Users\Dell\.cache\firebase\emulators\ui-v1.15.0\client\assets\provider-icons\
[debug] [2026-01-04T10:23:41.413Z] [unzip] Entry: client/assets/provider-icons/auth_service_saml.svg (compressed_size=575 bytes, uncompressed_size=1226 bytes)
[debug] [2026-01-04T10:23:41.413Z] [unzip] Processing entry: client\assets\provider-icons\auth_service_saml.svg
[debug] [2026-01-04T10:23:41.413Z] [unzip] else mkdir: C:\Users\Dell\.cache\firebase\emulators\ui-v1.15.0\client\assets\provider-icons
[debug] [2026-01-04T10:23:41.413Z] [unzip] deflating: C:\Users\Dell\.cache\firebase\emulators\ui-v1.15.0\client\assets\provider-icons\auth_service_saml.svg
[debug] [2026-01-04T10:23:41.414Z] [unzip] Entry: client/assets/provider-icons/auth_service_phone.svg (compressed_size=261 bytes, uncompressed_size=414 bytes)
[debug] [2026-01-04T10:23:41.414Z] [unzip] Processing entry: client\assets\provider-icons\auth_service_phone.svg
[debug] [2026-01-04T10:23:41.414Z] [unzip] else mkdir: C:\Users\Dell\.cache\firebase\emulators\ui-v1.15.0\client\assets\provider-icons
[debug] [2026-01-04T10:23:41.415Z] [unzip] deflating: C:\Users\Dell\.cache\firebase\emulators\ui-v1.15.0\client\assets\provider-icons\auth_service_phone.svg
[debug] [2026-01-04T10:23:41.416Z] [unzip] Entry: client/assets/provider-icons/auth_service_facebook.svg (compressed_size=289 bytes, uncompressed_size=457 bytes)
[debug] [2026-01-04T10:23:41.416Z] [unzip] Processing entry: client\assets\provider-icons\auth_service_facebook.svg
[debug] [2026-01-04T10:23:41.416Z] [unzip] else mkdir: C:\Users\Dell\.cache\firebase\emulators\ui-v1.15.0\client\assets\provider-icons
[debug] [2026-01-04T10:23:41.416Z] [unzip] deflating: C:\Users\Dell\.cache\firebase\emulators\ui-v1.15.0\client\assets\provider-icons\auth_service_facebook.svg
[debug] [2026-01-04T10:23:41.417Z] [unzip] Entry: client/assets/provider-icons/auth_service_game_center.svg (compressed_size=991 bytes, uncompressed_size=3921 bytes)
[debug] [2026-01-04T10:23:41.417Z] [unzip] Processing entry: client\assets\provider-icons\auth_service_game_center.svg
[debug] [2026-01-04T10:23:41.417Z] [unzip] else mkdir: C:\Users\Dell\.cache\firebase\emulators\ui-v1.15.0\client\assets\provider-icons
[debug] [2026-01-04T10:23:41.417Z] [unzip] deflating: C:\Users\Dell\.cache\firebase\emulators\ui-v1.15.0\client\assets\provider-icons\auth_service_game_center.svg
[debug] [2026-01-04T10:23:41.418Z] [unzip] Entry: client/assets/provider-icons/auth_service_apple.svg (compressed_size=230 bytes, uncompressed_size=334 bytes)
[debug] [2026-01-04T10:23:41.418Z] [unzip] Processing entry: client\assets\provider-icons\auth_service_apple.svg
[debug] [2026-01-04T10:23:41.418Z] [unzip] else mkdir: C:\Users\Dell\.cache\firebase\emulators\ui-v1.15.0\client\assets\provider-icons
[debug] [2026-01-04T10:23:41.419Z] [unzip] deflating: C:\Users\Dell\.cache\firebase\emulators\ui-v1.15.0\client\assets\provider-icons\auth_service_apple.svg
[debug] [2026-01-04T10:23:41.419Z] [unzip] Entry: client/assets/provider-icons/auth_service_github.svg (compressed_size=466 bytes, uncompressed_size=838 bytes)
[debug] [2026-01-04T10:23:41.419Z] [unzip] Processing entry: client\assets\provider-icons\auth_service_github.svg
[debug] [2026-01-04T10:23:41.420Z] [unzip] else mkdir: C:\Users\Dell\.cache\firebase\emulators\ui-v1.15.0\client\assets\provider-icons
[debug] [2026-01-04T10:23:41.420Z] [unzip] deflating: C:\Users\Dell\.cache\firebase\emulators\ui-v1.15.0\client\assets\provider-icons\auth_service_github.svg
[debug] [2026-01-04T10:23:41.421Z] [unzip] Entry: client/assets/provider-icons/auth_service_mslive.svg (compressed_size=203 bytes, uncompressed_size=378 bytes)
[debug] [2026-01-04T10:23:41.421Z] [unzip] Processing entry: client\assets\provider-icons\auth_service_mslive.svg
[debug] [2026-01-04T10:23:41.421Z] [unzip] else mkdir: C:\Users\Dell\.cache\firebase\emulators\ui-v1.15.0\client\assets\provider-icons
[debug] [2026-01-04T10:23:41.421Z] [unzip] deflating: C:\Users\Dell\.cache\firebase\emulators\ui-v1.15.0\client\assets\provider-icons\auth_service_mslive.svg
[debug] [2026-01-04T10:23:41.422Z] [unzip] Entry: client/assets/provider-icons/auth_service_yahoo.svg (compressed_size=577 bytes, uncompressed_size=1182 bytes)
[debug] [2026-01-04T10:23:41.422Z] [unzip] Processing entry: client\assets\provider-icons\auth_service_yahoo.svg
[debug] [2026-01-04T10:23:41.422Z] [unzip] else mkdir: C:\Users\Dell\.cache\firebase\emulators\ui-v1.15.0\client\assets\provider-icons
[debug] [2026-01-04T10:23:41.422Z] [unzip] deflating: C:\Users\Dell\.cache\firebase\emulators\ui-v1.15.0\client\assets\provider-icons\auth_service_yahoo.svg
[debug] [2026-01-04T10:23:41.423Z] [unzip] Entry: client/assets/provider-icons/auth_service_twitter.svg (compressed_size=444 bytes, uncompressed_size=751 bytes)
[debug] [2026-01-04T10:23:41.423Z] [unzip] Processing entry: client\assets\provider-icons\auth_service_twitter.svg
[debug] [2026-01-04T10:23:41.423Z] [unzip] else mkdir: C:\Users\Dell\.cache\firebase\emulators\ui-v1.15.0\client\assets\provider-icons
[debug] [2026-01-04T10:23:41.424Z] [unzip] deflating: C:\Users\Dell\.cache\firebase\emulators\ui-v1.15.0\client\assets\provider-icons\auth_service_twitter.svg
[debug] [2026-01-04T10:23:41.424Z] [unzip] Entry: client/assets/provider-icons/auth_service_play_games.svg (compressed_size=565 bytes, uncompressed_size=1173 bytes)
[debug] [2026-01-04T10:23:41.425Z] [unzip] Processing entry: client\assets\provider-icons\auth_service_play_games.svg
[debug] [2026-01-04T10:23:41.425Z] [unzip] else mkdir: C:\Users\Dell\.cache\firebase\emulators\ui-v1.15.0\client\assets\provider-icons
[debug] [2026-01-04T10:23:41.425Z] [unzip] deflating: C:\Users\Dell\.cache\firebase\emulators\ui-v1.15.0\client\assets\provider-icons\auth_service_play_games.svg
[debug] [2026-01-04T10:23:41.426Z] [unzip] Entry: client/assets/provider-icons/auth_service_email.svg (compressed_size=228 bytes, uncompressed_size=326 bytes)
[debug] [2026-01-04T10:23:41.426Z] [unzip] Processing entry: client\assets\provider-icons\auth_service_email.svg
[debug] [2026-01-04T10:23:41.426Z] [unzip] else mkdir: C:\Users\Dell\.cache\firebase\emulators\ui-v1.15.0\client\assets\provider-icons
[debug] [2026-01-04T10:23:41.426Z] [unzip] deflating: C:\Users\Dell\.cache\firebase\emulators\ui-v1.15.0\client\assets\provider-icons\auth_service_email.svg
[debug] [2026-01-04T10:23:41.427Z] [unzip] Entry: client/assets/provider-icons/auth_service_google.svg (compressed_size=409 bytes, uncompressed_size=720 bytes)
[debug] [2026-01-04T10:23:41.427Z] [unzip] Processing entry: client\assets\provider-icons\auth_service_google.svg
[debug] [2026-01-04T10:23:41.427Z] [unzip] else mkdir: C:\Users\Dell\.cache\firebase\emulators\ui-v1.15.0\client\assets\provider-icons
[debug] [2026-01-04T10:23:41.428Z] [unzip] deflating: C:\Users\Dell\.cache\firebase\emulators\ui-v1.15.0\client\assets\provider-icons\auth_service_google.svg
[debug] [2026-01-04T10:23:41.429Z] [unzip] Entry: client/assets/provider-icons/auth_service_oidc.svg (compressed_size=414 bytes, uncompressed_size=858 bytes)
[debug] [2026-01-04T10:23:41.429Z] [unzip] Processing entry: client\assets\provider-icons\auth_service_oidc.svg
[debug] [2026-01-04T10:23:41.429Z] [unzip] else mkdir: C:\Users\Dell\.cache\firebase\emulators\ui-v1.15.0\client\assets\provider-icons
[debug] [2026-01-04T10:23:41.429Z] [unzip] deflating: C:\Users\Dell\.cache\firebase\emulators\ui-v1.15.0\client\assets\provider-icons\auth_service_oidc.svg
[debug] [2026-01-04T10:23:41.430Z] [unzip] Entry: client/browserconfig.xml (compressed_size=491 bytes, uncompressed_size=822 bytes)
[debug] [2026-01-04T10:23:41.430Z] [unzip] Processing entry: client\browserconfig.xml
[debug] [2026-01-04T10:23:41.430Z] [unzip] else mkdir: C:\Users\Dell\.cache\firebase\emulators\ui-v1.15.0\client
[debug] [2026-01-04T10:23:41.430Z] [unzip] deflating: C:\Users\Dell\.cache\firebase\emulators\ui-v1.15.0\client\browserconfig.xml
[debug] [2026-01-04T10:23:41.431Z] [unzip] Entry: client/favicon-32x32.png (compressed_size=475 bytes, uncompressed_size=475 bytes)
[debug] [2026-01-04T10:23:41.431Z] [unzip] Processing entry: client\favicon-32x32.png
[debug] [2026-01-04T10:23:41.431Z] [unzip] else mkdir: C:\Users\Dell\.cache\firebase\emulators\ui-v1.15.0\client
[debug] [2026-01-04T10:23:41.431Z] [unzip] Writing file: C:\Users\Dell\.cache\firebase\emulators\ui-v1.15.0\client\favicon-32x32.png
[debug] [2026-01-04T10:23:41.432Z] [unzip] Entry: server/ (compressed_size=0 bytes, uncompressed_size=0 bytes)
[debug] [2026-01-04T10:23:41.432Z] [unzip] Processing entry: server\
[debug] [2026-01-04T10:23:41.432Z] [unzip] mkdir: C:\Users\Dell\.cache\firebase\emulators\ui-v1.15.0\server\
[debug] [2026-01-04T10:23:41.432Z] [unzip] Entry: server/server.mjs.map (compressed_size=217845 bytes, uncompressed_size=944978 bytes)
[debug] [2026-01-04T10:23:41.432Z] [unzip] Processing entry: server\server.mjs.map
[debug] [2026-01-04T10:23:41.432Z] [unzip] else mkdir: C:\Users\Dell\.cache\firebase\emulators\ui-v1.15.0\server
[debug] [2026-01-04T10:23:41.433Z] [unzip] deflating: C:\Users\Dell\.cache\firebase\emulators\ui-v1.15.0\server\server.mjs.map
[debug] [2026-01-04T10:23:41.437Z] [unzip] Entry: server/server.mjs (compressed_size=276407 bytes, uncompressed_size=933701 bytes)
[debug] [2026-01-04T10:23:41.437Z] [unzip] Processing entry: server\server.mjs
[debug] [2026-01-04T10:23:41.437Z] [unzip] else mkdir: C:\Users\Dell\.cache\firebase\emulators\ui-v1.15.0\server
[debug] [2026-01-04T10:23:41.437Z] [unzip] deflating: C:\Users\Dell\.cache\firebase\emulators\ui-v1.15.0\server\server.mjs
[debug] [2026-01-04T10:23:41.444Z] [Extensions] Connecting Extensions emulator, this is a noop.
[info] i  functions: Watching "C:\Users\Dell\OneDrive - The University of Hong Kong - Connect\Desktop\Documents\my-react-app\functions" for Cloud Functions... {"metadata":{"emulator":{"name":"functions"},"message":"Watching \"C:\\Users\\Dell\\OneDrive - The University of Hong Kong - Connect\\Desktop\\Documents\\my-react-app\\functions\" for Cloud Functions..."}}
[debug] [2026-01-04T10:23:41.450Z] Customer code is not Node
[debug] [2026-01-04T10:23:41.451Z] Validating python source
[debug] [2026-01-04T10:23:41.451Z] Building python source
[debug] [2026-01-04T10:23:41.452Z] Could not find functions.yaml. Must use http discovery
[debug] [2026-01-04T10:23:41.461Z] Running command with virtualenv: command="C:\Users\Dell\OneDrive - The University of Hong Kong - Connect\Desktop\Documents\my-react-app\functions\venv\Scripts\activate.bat", args=["","&&","python.exe","-c","\"import firebase_functions; import os; print(os.path.dirname(firebase_functions.__file__))\""]
[debug] [2026-01-04T10:23:41.573Z] stdout: C:\Users\Dell\OneDrive - The University of Hong Kong - Connect\Desktop\Documents\my-react-app\functions\venv\Lib\site-packages\firebase_functions

[debug] [2026-01-04T10:23:41.580Z] Running admin server with args: ["python.exe","\"C:\\Users\\Dell\\OneDrive - The University of Hong Kong - Connect\\Desktop\\Documents\\my-react-app\\functions\\venv\\Lib\\site-packages\\firebase_functions\\private\\serving.py\""] and env: {"GCLOUD_PROJECT":"my-react-app-899b1","K_REVISION":"1","PORT":"80","GOOGLE_CLOUD_QUOTA_PROJECT":"my-react-app-899b1","FUNCTIONS_EMULATOR":"true","TZ":"UTC","FIREBASE_DEBUG_MODE":"true","FIREBASE_DEBUG_FEATURES":"{\"skipTokenVerification\":true,\"enableCors\":true}","FIREBASE_EMULATOR_HUB":"127.0.0.1:4400","FIREBASE_AUTH_EMULATOR_HOST":"127.0.0.1:9099","CLOUD_EVENTARC_EMULATOR_HOST":"http://127.0.0.1:9299","CLOUD_TASKS_EMULATOR_HOST":"127.0.0.1:9499","FIREBASE_CONFIG":"{\"storageBucket\":\"my-react-app-899b1.firebasestorage.app\",\"projectId\":\"my-react-app-899b1\"}","GOOGLE_APPLICATION_CREDENTIALS":"C:\\Users\\Dell\\AppData\\Roaming\\firebase\\alizainanwar468_gmail_com_application_default_credentials.json","ADMIN_PORT":"8082"} in C:\Users\Dell\OneDrive - The University of Hong Kong - Connect\Desktop\Documents\my-react-app\functions
[debug] [2026-01-04T10:23:41.580Z] Running command with virtualenv: command="C:\Users\Dell\OneDrive - The University of Hong Kong - Connect\Desktop\Documents\my-react-app\functions\venv\Scripts\activate.bat", args=["","&&","python.exe","\"C:\\Users\\Dell\\OneDrive - The University of Hong Kong - Connect\\Desktop\\Documents\\my-react-app\\functions\\venv\\Lib\\site-packages\\firebase_functions\\private\\serving.py\""]
[info]  * Serving Flask app 'serving'
 * Debug mode: off

[error] WARNING: This is a development server. Do not use it in a production deployment. Use a production WSGI server instead.
 * Running on http://127.0.0.1:8082

[error] Press CTRL+C to quit

[debug] [2026-01-04T10:23:42.306Z] File C:\Users\Dell\OneDrive - The University of Hong Kong - Connect\Desktop\Documents\my-react-app\functions\__pycache__\main.cpython-313.pyc changed, reloading triggers {"metadata":{"emulator":{"name":"functions"},"message":"File C:\\Users\\Dell\\OneDrive - The University of Hong Kong - Connect\\Desktop\\Documents\\my-react-app\\functions\\__pycache__\\main.cpython-313.pyc changed, reloading triggers"}}
[error] 127.0.0.1 - - [04/Jan/2026 10:23:42] "GET /__/functions.yaml HTTP/1.1" 200 -

[debug] [2026-01-04T10:23:42.330Z] Got response from /__/functions.yaml endpoints:
  on_request_example:
    availableMemoryMb: null
    concurrency: null
    cpu: gcf_gen1
    entryPoint: on_request_example
    httpsTrigger: {}
    ingressSettings: null
    labels: {}
    maxInstances: 10
    minInstances: null
    platform: gcfv2
    secretEnvironmentVariables: []
    serviceAccountEmail: null
    timeoutSeconds: null
params: []
requiredAPIs: []
specVersion: v1alpha1

[error] 127.0.0.1 - - [04/Jan/2026 10:23:42] "GET /__/quitquitquit HTTP/1.1" 200 -

[info] +  functions: Loaded functions definitions from source: on_request_example. {"metadata":{"emulator":{"name":"functions"},"message":"Loaded functions definitions from source: on_request_example."}}
[info] +  functions[us-central1-on_request_example]: http function initialized (http://127.0.0.1:5001/my-react-app-899b1/us-central1/on_request_example). {"metadata":{"emulator":{"name":"functions"},"message":"\u001b[1mhttp\u001b[22m function initialized (http://127.0.0.1:5001/my-react-app-899b1/us-central1/on_request_example)."}}
[debug] [2026-01-04T10:23:42.370Z] Could not find VSCode notification endpoint: FetchError: request to http://localhost:40001/vscode/notify failed, reason: . If you are not running the Firebase Data Connect VSCode extension, this is expected and not an issue.
[info] 
┌─────────────────────────────────────────────────────────────┐
│ ✔  All emulators ready! It is now safe to connect your app. │
│ i  View Emulator UI at http://127.0.0.1:4000/               │
└─────────────────────────────────────────────────────────────┘

┌────────────────┬────────────────┬──────────────────────────────────┐
│ Emulator       │ Host:Port      │ View in Emulator UI              │
├────────────────┼────────────────┼──────────────────────────────────┤
│ Authentication │ 127.0.0.1:9099 │ http://127.0.0.1:4000/auth       │
├────────────────┼────────────────┼──────────────────────────────────┤
│ Functions      │ 127.0.0.1:5001 │ http://127.0.0.1:4000/functions  │
├────────────────┼────────────────┼──────────────────────────────────┤
│ Hosting        │ 127.0.0.1:5000 │ n/a                              │
├────────────────┼────────────────┼──────────────────────────────────┤
│ Extensions     │ 127.0.0.1:5001 │ http://127.0.0.1:4000/extensions │
└────────────────┴────────────────┴──────────────────────────────────┘
  Emulator Hub host: 127.0.0.1 port: 4400
  Other reserved ports: 4500
┌─────────────────────────┬───────────────┬─────────────────────┐
│ Extension Instance Name │ Extension Ref │ View in Emulator UI │
└─────────────────────────┴───────────────┴─────────────────────┘
Issues? Report them at https://github.com/firebase/firebase-tools/issues and attach the *-debug.log files.
 
[debug] [2026-01-04T10:23:43.319Z] Customer code is not Node
[debug] [2026-01-04T10:23:43.320Z] Validating python source
[debug] [2026-01-04T10:23:43.320Z] Building python source
[debug] [2026-01-04T10:23:43.321Z] Could not find functions.yaml. Must use http discovery
[debug] [2026-01-04T10:23:43.330Z] Running command with virtualenv: command="C:\Users\Dell\OneDrive - The University of Hong Kong - Connect\Desktop\Documents\my-react-app\functions\venv\Scripts\activate.bat", args=["","&&","python.exe","-c","\"import firebase_functions; import os; print(os.path.dirname(firebase_functions.__file__))\""]
[debug] [2026-01-04T10:23:43.430Z] stdout: C:\Users\Dell\OneDrive - The University of Hong Kong - Connect\Desktop\Documents\my-react-app\functions\venv\Lib\site-packages\firebase_functions

[debug] [2026-01-04T10:23:43.438Z] Running admin server with args: ["python.exe","\"C:\\Users\\Dell\\OneDrive - The University of Hong Kong - Connect\\Desktop\\Documents\\my-react-app\\functions\\venv\\Lib\\site-packages\\firebase_functions\\private\\serving.py\""] and env: {"GCLOUD_PROJECT":"my-react-app-899b1","K_REVISION":"1","PORT":"80","GOOGLE_CLOUD_QUOTA_PROJECT":"my-react-app-899b1","FUNCTIONS_EMULATOR":"true","TZ":"UTC","FIREBASE_DEBUG_MODE":"true","FIREBASE_DEBUG_FEATURES":"{\"skipTokenVerification\":true,\"enableCors\":true}","FIREBASE_EMULATOR_HUB":"127.0.0.1:4400","FIREBASE_AUTH_EMULATOR_HOST":"127.0.0.1:9099","CLOUD_EVENTARC_EMULATOR_HOST":"http://127.0.0.1:9299","CLOUD_TASKS_EMULATOR_HOST":"127.0.0.1:9499","FIREBASE_CONFIG":"{\"storageBucket\":\"my-react-app-899b1.firebasestorage.app\",\"projectId\":\"my-react-app-899b1\"}","GOOGLE_APPLICATION_CREDENTIALS":"C:\\Users\\Dell\\AppData\\Roaming\\firebase\\alizainanwar468_gmail_com_application_default_credentials.json","ADMIN_PORT":"8082"} in C:\Users\Dell\OneDrive - The University of Hong Kong - Connect\Desktop\Documents\my-react-app\functions
[debug] [2026-01-04T10:23:43.438Z] Running command with virtualenv: command="C:\Users\Dell\OneDrive - The University of Hong Kong - Connect\Desktop\Documents\my-react-app\functions\venv\Scripts\activate.bat", args=["","&&","python.exe","\"C:\\Users\\Dell\\OneDrive - The University of Hong Kong - Connect\\Desktop\\Documents\\my-react-app\\functions\\venv\\Lib\\site-packages\\firebase_functions\\private\\serving.py\""]
[info]  * Serving Flask app 'serving'
 * Debug mode: off

[error] WARNING: This is a development server. Do not use it in a production deployment. Use a production WSGI server instead.
 * Running on http://127.0.0.1:8082

[error] Press CTRL+C to quit

[error] 127.0.0.1 - - [04/Jan/2026 10:23:44] "GET /__/functions.yaml HTTP/1.1" 200 -

[debug] [2026-01-04T10:23:44.159Z] Got response from /__/functions.yaml endpoints:
  on_request_example:
    availableMemoryMb: null
    concurrency: null
    cpu: gcf_gen1
    entryPoint: on_request_example
    httpsTrigger: {}
    ingressSettings: null
    labels: {}
    maxInstances: 10
    minInstances: null
    platform: gcfv2
    secretEnvironmentVariables: []
    serviceAccountEmail: null
    timeoutSeconds: null
params: []
requiredAPIs: []
specVersion: v1alpha1

[error] 127.0.0.1 - - [04/Jan/2026 10:23:44] "GET /__/quitquitquit HTTP/1.1" 200 -

[info] +  functions: Loaded functions definitions from source: on_request_example. {"metadata":{"emulator":{"name":"functions"},"message":"Loaded functions definitions from source: on_request_example."}}
